<?xml version="1.0" encoding="UTF-8"?>
<!-- Generated by org.testng.reporters.JUnitReportReporter -->
<testsuite skipped="0" hostname="DESKTOP-21E8CQR" name="com.crm.qa.testcases.LoginPageTest" tests="3" failures="0" timestamp="27 May 2020 15:06:24 GMT" time="141.314" errors="0">
  <testcase name="loginPageTest" time="38.002" classname="com.crm.qa.testcases.LoginPageTest"/>
  <testcase name="crmLogoImageTest" time="41.212" classname="com.crm.qa.testcases.LoginPageTest"/>
  <testcase name="loginTest" time="62.100" classname="com.crm.qa.testcases.LoginPageTest"/>
</testsuite> <!-- com.crm.qa.testcases.LoginPageTest -->
