<?xml version="1.0" encoding="UTF-8"?>
<!-- Generated by org.testng.reporters.JUnitReportReporter -->
<testsuite skipped="0" hostname="DESKTOP-21E8CQR" name="com.crm.qa.testcases.LoginPageTest" tests="3" failures="0" timestamp="27 May 2020 15:10:16 GMT" time="67.166" errors="0">
  <testcase name="loginPageTest" time="16.026" classname="com.crm.qa.testcases.LoginPageTest"/>
  <testcase name="crmLogoImageTest" time="17.454" classname="com.crm.qa.testcases.LoginPageTest"/>
  <testcase name="loginTest" time="33.686" classname="com.crm.qa.testcases.LoginPageTest"/>
</testsuite> <!-- com.crm.qa.testcases.LoginPageTest -->
